<?xml version="1.0" encoding="UTF-8"?>
<testsuite name="com.tw.bootcamp.bookshop.book.BookServiceTest" tests="2" skipped="0" failures="0" errors="0" timestamp="2022-07-28T09:52:59" hostname="NT-IT-LT-2163" time="0.03">
  <properties/>
  <testcase name="shouldFetchAllBooksBeSortedByNameAscending()" classname="com.tw.bootcamp.bookshop.book.BookServiceTest" time="0.024"/>
  <testcase name="shouldFetchAllBooks()" classname="com.tw.bootcamp.bookshop.book.BookServiceTest" time="0.006"/>
  <system-out><![CDATA[2022-07-28 15:22:59.907  INFO 39444 --- [    Test worker] .b.t.c.SpringBootTestContextBootstrapper : Neither @ContextConfiguration nor @ContextHierarchy found for test class [com.tw.bootcamp.bookshop.book.BookServiceTest], using SpringBootContextLoader
2022-07-28 15:22:59.907  INFO 39444 --- [    Test worker] o.s.t.c.support.AbstractContextLoader    : Could not detect default resource locations for test class [com.tw.bootcamp.bookshop.book.BookServiceTest]: no resource found for suffixes {-context.xml, Context.groovy}.
2022-07-28 15:22:59.907  INFO 39444 --- [    Test worker] t.c.s.AnnotationConfigContextLoaderUtils : Could not detect default configuration classes for test class [com.tw.bootcamp.bookshop.book.BookServiceTest]: BookServiceTest does not declare any static, non-private, non-final, nested classes annotated with @Configuration.
2022-07-28 15:22:59.908  INFO 39444 --- [    Test worker] .b.t.c.SpringBootTestContextBootstrapper : Found @SpringBootConfiguration com.tw.bootcamp.bookshop.BookshopApplication for test class com.tw.bootcamp.bookshop.book.BookServiceTest
2022-07-28 15:22:59.908  INFO 39444 --- [    Test worker] .b.t.c.SpringBootTestContextBootstrapper : Loaded default TestExecutionListener class names from location [META-INF/spring.factories]: [org.springframework.security.test.context.support.WithSecurityContextTestExecutionListener, org.springframework.security.test.context.support.ReactorContextTestExecutionListener, org.springframework.boot.test.autoconfigure.restdocs.RestDocsTestExecutionListener, org.springframework.boot.test.autoconfigure.web.client.MockRestServiceServerResetTestExecutionListener, org.springframework.boot.test.autoconfigure.web.servlet.MockMvcPrintOnlyOnFailureTestExecutionListener, org.springframework.boot.test.autoconfigure.web.servlet.WebDriverTestExecutionListener, org.springframework.boot.test.autoconfigure.webservices.client.MockWebServiceServerTestExecutionListener, org.springframework.boot.test.mock.mockito.MockitoTestExecutionListener, org.springframework.boot.test.mock.mockito.ResetMocksTestExecutionListener, org.springframework.test.context.web.ServletTestExecutionListener, org.springframework.test.context.support.DirtiesContextBeforeModesTestExecutionListener, org.springframework.test.context.support.DependencyInjectionTestExecutionListener, org.springframework.test.context.support.DirtiesContextTestExecutionListener, org.springframework.test.context.transaction.TransactionalTestExecutionListener, org.springframework.test.context.jdbc.SqlScriptsTestExecutionListener, org.springframework.test.context.event.EventPublishingTestExecutionListener]
2022-07-28 15:22:59.908  INFO 39444 --- [    Test worker] .b.t.c.SpringBootTestContextBootstrapper : Using TestExecutionListeners: [org.springframework.test.context.web.ServletTestExecutionListener@3ca54613, org.springframework.test.context.support.DirtiesContextBeforeModesTestExecutionListener@3d3e530a, org.springframework.boot.test.mock.mockito.MockitoTestExecutionListener@7ae5bb5, org.springframework.boot.test.autoconfigure.SpringBootDependencyInjectionTestExecutionListener@6c239140, org.springframework.test.context.support.DirtiesContextTestExecutionListener@7a20d709, org.springframework.test.context.transaction.TransactionalTestExecutionListener@35496d44, org.springframework.test.context.jdbc.SqlScriptsTestExecutionListener@404febab, org.springframework.security.test.context.support.WithSecurityContextTestExecutionListener@3096db73, org.springframework.test.context.event.EventPublishingTestExecutionListener@4cf2daf7, org.springframework.security.test.context.support.ReactorContextTestExecutionListener@32afad60, org.springframework.boot.test.autoconfigure.restdocs.RestDocsTestExecutionListener@d821a2d, org.springframework.boot.test.autoconfigure.web.client.MockRestServiceServerResetTestExecutionListener@b4905ad, org.springframework.boot.test.autoconfigure.web.servlet.MockMvcPrintOnlyOnFailureTestExecutionListener@51364351, org.springframework.boot.test.autoconfigure.web.servlet.WebDriverTestExecutionListener@1e3d20ba, org.springframework.boot.test.autoconfigure.webservices.client.MockWebServiceServerTestExecutionListener@3f31222, org.springframework.boot.test.mock.mockito.ResetMocksTestExecutionListener@40d41b9c]
]]></system-out>
  <system-err><![CDATA[]]></system-err>
</testsuite>
