<?xml version="1.0" encoding="UTF-8"?>
<testsuite name="com.tw.bootcamp.bookshop.book.BookControllerTest" tests="2" skipped="0" failures="0" errors="0" timestamp="2022-07-28T09:52:59" hostname="NT-IT-LT-2163" time="0.013">
  <properties/>
  <testcase name="shouldListAllBooksWhenPresent()" classname="com.tw.bootcamp.bookshop.book.BookControllerTest" time="0.01"/>
  <testcase name="shouldBeEmptyListWhenNoBooksPresent()" classname="com.tw.bootcamp.bookshop.book.BookControllerTest" time="0.002"/>
  <system-out><![CDATA[2022-07-28 15:22:59.509  INFO 39444 --- [    Test worker] .b.t.a.w.s.WebMvcTestContextBootstrapper : Neither @ContextConfiguration nor @ContextHierarchy found for test class [com.tw.bootcamp.bookshop.book.BookControllerTest], using SpringBootContextLoader
2022-07-28 15:22:59.509  INFO 39444 --- [    Test worker] o.s.t.c.support.AbstractContextLoader    : Could not detect default resource locations for test class [com.tw.bootcamp.bookshop.book.BookControllerTest]: no resource found for suffixes {-context.xml, Context.groovy}.
2022-07-28 15:22:59.509  INFO 39444 --- [    Test worker] t.c.s.AnnotationConfigContextLoaderUtils : Could not detect default configuration classes for test class [com.tw.bootcamp.bookshop.book.BookControllerTest]: BookControllerTest does not declare any static, non-private, non-final, nested classes annotated with @Configuration.
2022-07-28 15:22:59.528  INFO 39444 --- [    Test worker] .b.t.c.SpringBootTestContextBootstrapper : Found @SpringBootConfiguration com.tw.bootcamp.bookshop.BookshopApplication for test class com.tw.bootcamp.bookshop.book.BookControllerTest
2022-07-28 15:22:59.528  INFO 39444 --- [    Test worker] .b.t.a.w.s.WebMvcTestContextBootstrapper : Loaded default TestExecutionListener class names from location [META-INF/spring.factories]: [org.springframework.security.test.context.support.WithSecurityContextTestExecutionListener, org.springframework.security.test.context.support.ReactorContextTestExecutionListener, org.springframework.boot.test.autoconfigure.restdocs.RestDocsTestExecutionListener, org.springframework.boot.test.autoconfigure.web.client.MockRestServiceServerResetTestExecutionListener, org.springframework.boot.test.autoconfigure.web.servlet.MockMvcPrintOnlyOnFailureTestExecutionListener, org.springframework.boot.test.autoconfigure.web.servlet.WebDriverTestExecutionListener, org.springframework.boot.test.autoconfigure.webservices.client.MockWebServiceServerTestExecutionListener, org.springframework.boot.test.mock.mockito.MockitoTestExecutionListener, org.springframework.boot.test.mock.mockito.ResetMocksTestExecutionListener, org.springframework.test.context.web.ServletTestExecutionListener, org.springframework.test.context.support.DirtiesContextBeforeModesTestExecutionListener, org.springframework.test.context.support.DependencyInjectionTestExecutionListener, org.springframework.test.context.support.DirtiesContextTestExecutionListener, org.springframework.test.context.transaction.TransactionalTestExecutionListener, org.springframework.test.context.jdbc.SqlScriptsTestExecutionListener, org.springframework.test.context.event.EventPublishingTestExecutionListener]
2022-07-28 15:22:59.528  INFO 39444 --- [    Test worker] .b.t.a.w.s.WebMvcTestContextBootstrapper : Using TestExecutionListeners: [org.springframework.test.context.web.ServletTestExecutionListener@58ce53b7, org.springframework.test.context.support.DirtiesContextBeforeModesTestExecutionListener@3575a201, org.springframework.boot.test.mock.mockito.MockitoTestExecutionListener@52134799, org.springframework.boot.test.autoconfigure.SpringBootDependencyInjectionTestExecutionListener@6fa247b6, org.springframework.test.context.support.DirtiesContextTestExecutionListener@45dbf21e, org.springframework.test.context.transaction.TransactionalTestExecutionListener@5d26350e, org.springframework.test.context.jdbc.SqlScriptsTestExecutionListener@15c18ebc, org.springframework.security.test.context.support.WithSecurityContextTestExecutionListener@6823e445, org.springframework.test.context.event.EventPublishingTestExecutionListener@72f2a05d, org.springframework.security.test.context.support.ReactorContextTestExecutionListener@1e907548, org.springframework.boot.test.autoconfigure.restdocs.RestDocsTestExecutionListener@73dac48, org.springframework.boot.test.autoconfigure.web.client.MockRestServiceServerResetTestExecutionListener@704b6126, org.springframework.boot.test.autoconfigure.web.servlet.MockMvcPrintOnlyOnFailureTestExecutionListener@17dcd73a, org.springframework.boot.test.autoconfigure.web.servlet.WebDriverTestExecutionListener@a7bdabc, org.springframework.boot.test.autoconfigure.webservices.client.MockWebServiceServerTestExecutionListener@60ce7857, org.springframework.boot.test.mock.mockito.ResetMocksTestExecutionListener@4ba76739]

  .   ____          _            __ _ _
 /\\ / ___'_ __ _ _(_)_ __  __ _ \ \ \ \
( ( )\___ | '_ | '_| | '_ \/ _` | \ \ \ \
 \\/  ___)| |_)| | | | | || (_| |  ) ) ) )
  '  |____| .__|_| |_|_| |_\__, | / / / /
 =========|_|==============|___/=/_/_/_/
 :: Spring Boot ::        (v2.3.2.RELEASE)

2022-07-28 15:22:59.543  INFO 39444 --- [    Test worker] c.t.b.bookshop.book.BookControllerTest   : Starting BookControllerTest on NT-IT-LT-2163 with PID 39444 (started by vaibhavjindal in /Users/vaibhavjindal/Documents/BootCamp/batch-02-springboot-pair-08)
2022-07-28 15:22:59.544  INFO 39444 --- [    Test worker] c.t.b.bookshop.book.BookControllerTest   : The following profiles are active: test
2022-07-28 15:22:59.840  INFO 39444 --- [    Test worker] o.s.s.web.DefaultSecurityFilterChain     : Creating filter chain: any request, [org.springframework.security.web.context.request.async.WebAsyncManagerIntegrationFilter@486c5916, org.springframework.security.web.context.SecurityContextPersistenceFilter@1f91a337, org.springframework.security.web.header.HeaderWriterFilter@5d1b32c7, org.springframework.web.filter.CorsFilter@46bbcb4f, org.springframework.security.web.authentication.logout.LogoutFilter@75f0b3b1, org.springframework.security.web.authentication.www.BasicAuthenticationFilter@67b89ce4, org.springframework.security.web.savedrequest.RequestCacheAwareFilter@2d66b6d5, org.springframework.security.web.servletapi.SecurityContextHolderAwareRequestFilter@296f24b4, org.springframework.security.web.authentication.AnonymousAuthenticationFilter@1325a62d, org.springframework.security.web.session.SessionManagementFilter@3f3e2eaf, org.springframework.security.web.access.ExceptionTranslationFilter@481f4b43, org.springframework.security.web.access.intercept.FilterSecurityInterceptor@1a6f602e]
2022-07-28 15:22:59.860  INFO 39444 --- [    Test worker] o.s.s.concurrent.ThreadPoolTaskExecutor  : Initializing ExecutorService 'applicationTaskExecutor'
2022-07-28 15:22:59.883  INFO 39444 --- [    Test worker] o.s.b.t.m.w.SpringBootMockServletContext : Initializing Spring TestDispatcherServlet ''
2022-07-28 15:22:59.883  INFO 39444 --- [    Test worker] o.s.t.web.servlet.TestDispatcherServlet  : Initializing Servlet ''
2022-07-28 15:22:59.885  INFO 39444 --- [    Test worker] o.s.t.web.servlet.TestDispatcherServlet  : Completed initialization in 2 ms
2022-07-28 15:22:59.890  INFO 39444 --- [    Test worker] c.t.b.bookshop.book.BookControllerTest   : Started BookControllerTest in 0.361 seconds (JVM running for 6.622)
]]></system-out>
  <system-err><![CDATA[]]></system-err>
</testsuite>
