<?xml version="1.0" encoding="UTF-8"?>
<testsuite name="com.tw.bootcamp.bookshop.user.UserTest" tests="3" skipped="0" failures="0" errors="0" timestamp="2022-07-28T09:52:58" hostname="NT-IT-LT-2163" time="0.273">
  <properties/>
  <testcase name="shouldBePasswordMandatory()" classname="com.tw.bootcamp.bookshop.user.UserTest" time="0.004"/>
  <testcase name="shouldBeEmailMandatory()" classname="com.tw.bootcamp.bookshop.user.UserTest" time="0.092"/>
  <testcase name="shouldCreateUserEncryptPassword()" classname="com.tw.bootcamp.bookshop.user.UserTest" time="0.177"/>
  <system-out><![CDATA[]]></system-out>
  <system-err><![CDATA[]]></system-err>
</testsuite>
