<?xml version="1.0" encoding="UTF-8"?>
<testsuite name="com.tw.bootcamp.bookshop.BookshopApplicationTests" tests="1" skipped="0" failures="0" errors="0" timestamp="2022-07-28T09:52:56" hostname="NT-IT-LT-2163" time="0.053">
  <properties/>
  <testcase name="contextLoads()" classname="com.tw.bootcamp.bookshop.BookshopApplicationTests" time="0.053"/>
  <system-out><![CDATA[15:22:53.976 [Test worker] DEBUG org.springframework.test.context.BootstrapUtils - Instantiating CacheAwareContextLoaderDelegate from class [org.springframework.test.context.cache.DefaultCacheAwareContextLoaderDelegate]
15:22:53.982 [Test worker] DEBUG org.springframework.test.context.BootstrapUtils - Instantiating BootstrapContext using constructor [public org.springframework.test.context.support.DefaultBootstrapContext(java.lang.Class,org.springframework.test.context.CacheAwareContextLoaderDelegate)]
15:22:53.996 [Test worker] DEBUG org.springframework.test.context.BootstrapUtils - Instantiating TestContextBootstrapper for test class [com.tw.bootcamp.bookshop.BookshopApplicationTests] from class [org.springframework.boot.test.context.SpringBootTestContextBootstrapper]
15:22:54.003 [Test worker] INFO org.springframework.boot.test.context.SpringBootTestContextBootstrapper - Neither @ContextConfiguration nor @ContextHierarchy found for test class [com.tw.bootcamp.bookshop.BookshopApplicationTests], using SpringBootContextLoader
15:22:54.005 [Test worker] DEBUG org.springframework.test.context.support.AbstractContextLoader - Did not detect default resource location for test class [com.tw.bootcamp.bookshop.BookshopApplicationTests]: class path resource [com/tw/bootcamp/bookshop/BookshopApplicationTests-context.xml] does not exist
15:22:54.005 [Test worker] DEBUG org.springframework.test.context.support.AbstractContextLoader - Did not detect default resource location for test class [com.tw.bootcamp.bookshop.BookshopApplicationTests]: class path resource [com/tw/bootcamp/bookshop/BookshopApplicationTestsContext.groovy] does not exist
15:22:54.005 [Test worker] INFO org.springframework.test.context.support.AbstractContextLoader - Could not detect default resource locations for test class [com.tw.bootcamp.bookshop.BookshopApplicationTests]: no resource found for suffixes {-context.xml, Context.groovy}.
15:22:54.005 [Test worker] INFO org.springframework.test.context.support.AnnotationConfigContextLoaderUtils - Could not detect default configuration classes for test class [com.tw.bootcamp.bookshop.BookshopApplicationTests]: BookshopApplicationTests does not declare any static, non-private, non-final, nested classes annotated with @Configuration.
15:22:54.023 [Test worker] DEBUG org.springframework.test.context.support.ActiveProfilesUtils - Could not find an 'annotation declaring class' for annotation type [org.springframework.test.context.ActiveProfiles] and class [com.tw.bootcamp.bookshop.BookshopApplicationTests]
15:22:54.052 [Test worker] DEBUG org.springframework.context.annotation.ClassPathScanningCandidateComponentProvider - Identified candidate component class: file [/Users/vaibhavjindal/Documents/BootCamp/batch-02-springboot-pair-08/build/classes/java/main/com/tw/bootcamp/bookshop/BookshopApplication.class]
15:22:54.054 [Test worker] INFO org.springframework.boot.test.context.SpringBootTestContextBootstrapper - Found @SpringBootConfiguration com.tw.bootcamp.bookshop.BookshopApplication for test class com.tw.bootcamp.bookshop.BookshopApplicationTests
15:22:54.102 [Test worker] DEBUG org.springframework.boot.test.context.SpringBootTestContextBootstrapper - @TestExecutionListeners is not present for class [com.tw.bootcamp.bookshop.BookshopApplicationTests]: using defaults.
15:22:54.102 [Test worker] INFO org.springframework.boot.test.context.SpringBootTestContextBootstrapper - Loaded default TestExecutionListener class names from location [META-INF/spring.factories]: [org.springframework.security.test.context.support.WithSecurityContextTestExecutionListener, org.springframework.security.test.context.support.ReactorContextTestExecutionListener, org.springframework.boot.test.autoconfigure.restdocs.RestDocsTestExecutionListener, org.springframework.boot.test.autoconfigure.web.client.MockRestServiceServerResetTestExecutionListener, org.springframework.boot.test.autoconfigure.web.servlet.MockMvcPrintOnlyOnFailureTestExecutionListener, org.springframework.boot.test.autoconfigure.web.servlet.WebDriverTestExecutionListener, org.springframework.boot.test.autoconfigure.webservices.client.MockWebServiceServerTestExecutionListener, org.springframework.boot.test.mock.mockito.MockitoTestExecutionListener, org.springframework.boot.test.mock.mockito.ResetMocksTestExecutionListener, org.springframework.test.context.web.ServletTestExecutionListener, org.springframework.test.context.support.DirtiesContextBeforeModesTestExecutionListener, org.springframework.test.context.support.DependencyInjectionTestExecutionListener, org.springframework.test.context.support.DirtiesContextTestExecutionListener, org.springframework.test.context.transaction.TransactionalTestExecutionListener, org.springframework.test.context.jdbc.SqlScriptsTestExecutionListener, org.springframework.test.context.event.EventPublishingTestExecutionListener]
15:22:54.111 [Test worker] INFO org.springframework.boot.test.context.SpringBootTestContextBootstrapper - Using TestExecutionListeners: [org.springframework.test.context.web.ServletTestExecutionListener@43525c13, org.springframework.test.context.support.DirtiesContextBeforeModesTestExecutionListener@5c14f5cd, org.springframework.boot.test.mock.mockito.MockitoTestExecutionListener@19cd957e, org.springframework.boot.test.autoconfigure.SpringBootDependencyInjectionTestExecutionListener@4a6de1bb, org.springframework.test.context.support.DirtiesContextTestExecutionListener@1b0e9e21, org.springframework.test.context.transaction.TransactionalTestExecutionListener@604faa10, org.springframework.test.context.jdbc.SqlScriptsTestExecutionListener@155ca502, org.springframework.security.test.context.support.WithSecurityContextTestExecutionListener@3019fe2b, org.springframework.test.context.event.EventPublishingTestExecutionListener@5f09919f, org.springframework.security.test.context.support.ReactorContextTestExecutionListener@420bbf44, org.springframework.boot.test.autoconfigure.restdocs.RestDocsTestExecutionListener@328f66b2, org.springframework.boot.test.autoconfigure.web.client.MockRestServiceServerResetTestExecutionListener@4d982e6e, org.springframework.boot.test.autoconfigure.web.servlet.MockMvcPrintOnlyOnFailureTestExecutionListener@5e8edb2b, org.springframework.boot.test.autoconfigure.web.servlet.WebDriverTestExecutionListener@41e0be21, org.springframework.boot.test.autoconfigure.webservices.client.MockWebServiceServerTestExecutionListener@813ea59, org.springframework.boot.test.mock.mockito.ResetMocksTestExecutionListener@4f44e6b]
15:22:54.112 [Test worker] DEBUG org.springframework.test.context.support.AbstractDirtiesContextTestExecutionListener - Before test class: context [DefaultTestContext@60f57efa testClass = BookshopApplicationTests, testInstance = [null], testMethod = [null], testException = [null], mergedContextConfiguration = [WebMergedContextConfiguration@5b55b7b6 testClass = BookshopApplicationTests, locations = '{}', classes = '{class com.tw.bootcamp.bookshop.BookshopApplication}', contextInitializerClasses = '[]', activeProfiles = '{}', propertySourceLocations = '{}', propertySourceProperties = '{org.springframework.boot.test.context.SpringBootTestContextBootstrapper=true}', contextCustomizers = set[org.springframework.boot.test.autoconfigure.properties.PropertyMappingContextCustomizer@0, org.springframework.boot.test.autoconfigure.web.servlet.WebDriverContextCustomizerFactory$Customizer@2e7916c5, org.springframework.boot.test.context.filter.ExcludeFilterContextCustomizer@21510e84, org.springframework.boot.test.json.DuplicateJsonObjectContextCustomizerFactory$DuplicateJsonObjectContextCustomizer@32f77a93, org.springframework.boot.test.mock.mockito.MockitoContextCustomizer@0, org.springframework.boot.test.web.client.TestRestTemplateContextCustomizer@577f475a, org.springframework.boot.test.context.SpringBootTestArgs@1], resourceBasePath = 'src/main/webapp', contextLoader = 'org.springframework.boot.test.context.SpringBootContextLoader', parent = [null]], attributes = map['org.springframework.test.context.web.ServletTestExecutionListener.activateListener' -> true]], class annotated with @DirtiesContext [false] with mode [null].
15:22:54.124 [Test worker] DEBUG org.springframework.test.context.support.TestPropertySourceUtils - Adding inlined properties to environment: {spring.jmx.enabled=false, org.springframework.boot.test.context.SpringBootTestContextBootstrapper=true}

  .   ____          _            __ _ _
 /\\ / ___'_ __ _ _(_)_ __  __ _ \ \ \ \
( ( )\___ | '_ | '_| | '_ \/ _` | \ \ \ \
 \\/  ___)| |_)| | | | | || (_| |  ) ) ) )
  '  |____| .__|_| |_|_| |_\__, | / / / /
 =========|_|==============|___/=/_/_/_/
 :: Spring Boot ::        (v2.3.2.RELEASE)

2022-07-28 15:22:54.303  INFO 39444 --- [    Test worker] c.t.b.bookshop.BookshopApplicationTests  : Starting BookshopApplicationTests on NT-IT-LT-2163 with PID 39444 (started by vaibhavjindal in /Users/vaibhavjindal/Documents/BootCamp/batch-02-springboot-pair-08)
2022-07-28 15:22:54.303  INFO 39444 --- [    Test worker] c.t.b.bookshop.BookshopApplicationTests  : The following profiles are active: test
2022-07-28 15:22:54.770  INFO 39444 --- [    Test worker] .s.d.r.c.RepositoryConfigurationDelegate : Bootstrapping Spring Data JPA repositories in DEFERRED mode.
2022-07-28 15:22:54.830  INFO 39444 --- [    Test worker] .s.d.r.c.RepositoryConfigurationDelegate : Finished Spring Data repository scanning in 56ms. Found 4 JPA repository interfaces.
2022-07-28 15:22:55.100  INFO 39444 --- [    Test worker] o.f.c.internal.license.VersionPrinter    : Flyway Community Edition 6.4.4 by Redgate
2022-07-28 15:22:55.103  INFO 39444 --- [    Test worker] com.zaxxer.hikari.HikariDataSource       : HikariPool-1 - Starting...
2022-07-28 15:22:55.190  INFO 39444 --- [    Test worker] com.zaxxer.hikari.HikariDataSource       : HikariPool-1 - Start completed.
2022-07-28 15:22:55.201  INFO 39444 --- [    Test worker] o.f.c.internal.database.DatabaseFactory  : Database: jdbc:h2:mem:testdb (H2 1.4)
2022-07-28 15:22:55.244  INFO 39444 --- [    Test worker] o.f.core.internal.command.DbValidate     : Successfully validated 5 migrations (execution time 00:00.020s)
2022-07-28 15:22:55.252  INFO 39444 --- [    Test worker] o.f.c.i.s.JdbcTableSchemaHistory         : Creating Schema History table "PUBLIC"."flyway_schema_history" ...
2022-07-28 15:22:55.305  INFO 39444 --- [    Test worker] o.f.core.internal.command.DbMigrate      : Current version of schema "PUBLIC": << Empty Schema >>
2022-07-28 15:22:55.313  INFO 39444 --- [    Test worker] o.f.core.internal.command.DbMigrate      : Migrating schema "PUBLIC" to version 1 - Create Book
2022-07-28 15:22:55.332  INFO 39444 --- [    Test worker] o.f.core.internal.command.DbMigrate      : Migrating schema "PUBLIC" to version 2 - Create User
2022-07-28 15:22:55.350  INFO 39444 --- [    Test worker] o.f.core.internal.command.DbMigrate      : Migrating schema "PUBLIC" to version 3 - Add User Role
2022-07-28 15:22:55.371  INFO 39444 --- [    Test worker] o.f.core.internal.command.DbMigrate      : Migrating schema "PUBLIC" to version 4 - Add Currency Price Of Book
2022-07-28 15:22:55.384  INFO 39444 --- [    Test worker] o.f.core.internal.command.DbMigrate      : Migrating schema "PUBLIC" to version 5 - Create Address
2022-07-28 15:22:55.398  INFO 39444 --- [    Test worker] o.f.core.internal.command.DbMigrate      : Successfully applied 5 migrations to schema "PUBLIC" (execution time 00:00.101s)
2022-07-28 15:22:55.445  INFO 39444 --- [    Test worker] o.s.s.concurrent.ThreadPoolTaskExecutor  : Initializing ExecutorService 'applicationTaskExecutor'
2022-07-28 15:22:55.479  INFO 39444 --- [         task-1] o.hibernate.jpa.internal.util.LogHelper  : HHH000204: Processing PersistenceUnitInfo [name: default]
2022-07-28 15:22:55.509  INFO 39444 --- [         task-1] org.hibernate.Version                    : HHH000412: Hibernate ORM core version 5.4.18.Final
2022-07-28 15:22:55.573  WARN 39444 --- [    Test worker] JpaBaseConfiguration$JpaWebConfiguration : spring.jpa.open-in-view is enabled by default. Therefore, database queries may be performed during view rendering. Explicitly configure spring.jpa.open-in-view to disable this warning
2022-07-28 15:22:55.592  INFO 39444 --- [         task-1] o.hibernate.annotations.common.Version   : HCANN000001: Hibernate Commons Annotations {5.1.0.Final}
2022-07-28 15:22:55.651  INFO 39444 --- [         task-1] org.hibernate.dialect.Dialect            : HHH000400: Using dialect: org.hibernate.dialect.H2Dialect
2022-07-28 15:22:56.246  INFO 39444 --- [         task-1] o.h.e.t.j.p.i.JtaPlatformInitiator       : HHH000490: Using JtaPlatform implementation: [org.hibernate.engine.transaction.jta.platform.internal.NoJtaPlatform]
2022-07-28 15:22:56.254  INFO 39444 --- [         task-1] j.LocalContainerEntityManagerFactoryBean : Initialized JPA EntityManagerFactory for persistence unit 'default'
2022-07-28 15:22:56.308  INFO 39444 --- [    Test worker] o.s.s.web.DefaultSecurityFilterChain     : Creating filter chain: any request, [org.springframework.security.web.context.request.async.WebAsyncManagerIntegrationFilter@4fead3e6, org.springframework.security.web.context.SecurityContextPersistenceFilter@476e6f23, org.springframework.security.web.header.HeaderWriterFilter@78e8db76, org.springframework.web.filter.CorsFilter@295e76c7, org.springframework.security.web.authentication.logout.LogoutFilter@7e37d79a, org.springframework.security.web.authentication.www.BasicAuthenticationFilter@767b4436, org.springframework.security.web.savedrequest.RequestCacheAwareFilter@543d7d68, org.springframework.security.web.servletapi.SecurityContextHolderAwareRequestFilter@12f96ec2, org.springframework.security.web.authentication.AnonymousAuthenticationFilter@74acff27, org.springframework.security.web.session.SessionManagementFilter@551258b1, org.springframework.security.web.access.ExceptionTranslationFilter@dba1a19, org.springframework.security.web.access.intercept.FilterSecurityInterceptor@4f3864f1]
2022-07-28 15:22:56.561  INFO 39444 --- [    Test worker] o.s.b.a.h2.H2ConsoleAutoConfiguration    : H2 console available at '/h2-console'. Database available at 'jdbc:h2:mem:testdb'
2022-07-28 15:22:56.587  INFO 39444 --- [    Test worker] DeferredRepositoryInitializationListener : Triggering deferred initialization of Spring Data repositories…
2022-07-28 15:22:56.792  INFO 39444 --- [    Test worker] DeferredRepositoryInitializationListener : Spring Data repositories initialized!
2022-07-28 15:22:56.804  INFO 39444 --- [    Test worker] c.t.b.bookshop.BookshopApplicationTests  : Started BookshopApplicationTests in 2.671 seconds (JVM running for 3.536)
]]></system-out>
  <system-err><![CDATA[]]></system-err>
</testsuite>
