<?xml version="1.0" encoding="UTF-8"?>
<testsuite name="com.tw.bootcamp.bookshop.user.UserControllerTest" tests="3" skipped="0" failures="0" errors="0" timestamp="2022-07-28T09:52:57" hostname="NT-IT-LT-2163" time="0.301">
  <properties/>
  <testcase name="shouldRespondWithErrorMessageWhenCreateUserFails()" classname="com.tw.bootcamp.bookshop.user.UserControllerTest" time="0.093"/>
  <testcase name="shouldCreateUserWhenCredentialsAreValid()" classname="com.tw.bootcamp.bookshop.user.UserControllerTest" time="0.1"/>
  <testcase name="shouldRespondWithErrorMessageWhenCreateUserValidationFails()" classname="com.tw.bootcamp.bookshop.user.UserControllerTest" time="0.107"/>
  <system-out><![CDATA[2022-07-28 15:22:56.873  INFO 39444 --- [    Test worker] .b.t.a.w.s.WebMvcTestContextBootstrapper : Neither @ContextConfiguration nor @ContextHierarchy found for test class [com.tw.bootcamp.bookshop.user.UserControllerTest], using SpringBootContextLoader
2022-07-28 15:22:56.874  INFO 39444 --- [    Test worker] o.s.t.c.support.AbstractContextLoader    : Could not detect default resource locations for test class [com.tw.bootcamp.bookshop.user.UserControllerTest]: no resource found for suffixes {-context.xml, Context.groovy}.
2022-07-28 15:22:56.874  INFO 39444 --- [    Test worker] t.c.s.AnnotationConfigContextLoaderUtils : Could not detect default configuration classes for test class [com.tw.bootcamp.bookshop.user.UserControllerTest]: UserControllerTest does not declare any static, non-private, non-final, nested classes annotated with @Configuration.
2022-07-28 15:22:56.904  INFO 39444 --- [    Test worker] .b.t.c.SpringBootTestContextBootstrapper : Found @SpringBootConfiguration com.tw.bootcamp.bookshop.BookshopApplication for test class com.tw.bootcamp.bookshop.user.UserControllerTest
2022-07-28 15:22:56.904  INFO 39444 --- [    Test worker] .b.t.a.w.s.WebMvcTestContextBootstrapper : Loaded default TestExecutionListener class names from location [META-INF/spring.factories]: [org.springframework.security.test.context.support.WithSecurityContextTestExecutionListener, org.springframework.security.test.context.support.ReactorContextTestExecutionListener, org.springframework.boot.test.autoconfigure.restdocs.RestDocsTestExecutionListener, org.springframework.boot.test.autoconfigure.web.client.MockRestServiceServerResetTestExecutionListener, org.springframework.boot.test.autoconfigure.web.servlet.MockMvcPrintOnlyOnFailureTestExecutionListener, org.springframework.boot.test.autoconfigure.web.servlet.WebDriverTestExecutionListener, org.springframework.boot.test.autoconfigure.webservices.client.MockWebServiceServerTestExecutionListener, org.springframework.boot.test.mock.mockito.MockitoTestExecutionListener, org.springframework.boot.test.mock.mockito.ResetMocksTestExecutionListener, org.springframework.test.context.web.ServletTestExecutionListener, org.springframework.test.context.support.DirtiesContextBeforeModesTestExecutionListener, org.springframework.test.context.support.DependencyInjectionTestExecutionListener, org.springframework.test.context.support.DirtiesContextTestExecutionListener, org.springframework.test.context.transaction.TransactionalTestExecutionListener, org.springframework.test.context.jdbc.SqlScriptsTestExecutionListener, org.springframework.test.context.event.EventPublishingTestExecutionListener]
2022-07-28 15:22:56.905  INFO 39444 --- [    Test worker] .b.t.a.w.s.WebMvcTestContextBootstrapper : Using TestExecutionListeners: [org.springframework.test.context.web.ServletTestExecutionListener@4171944b, org.springframework.test.context.support.DirtiesContextBeforeModesTestExecutionListener@2b016ff3, org.springframework.boot.test.mock.mockito.MockitoTestExecutionListener@1c95a22a, org.springframework.boot.test.autoconfigure.SpringBootDependencyInjectionTestExecutionListener@9e881a2, org.springframework.test.context.support.DirtiesContextTestExecutionListener@44769f18, org.springframework.test.context.transaction.TransactionalTestExecutionListener@64281e92, org.springframework.test.context.jdbc.SqlScriptsTestExecutionListener@559d64cf, org.springframework.security.test.context.support.WithSecurityContextTestExecutionListener@18351a4f, org.springframework.test.context.event.EventPublishingTestExecutionListener@684bc80e, org.springframework.security.test.context.support.ReactorContextTestExecutionListener@4cb3871b, org.springframework.boot.test.autoconfigure.restdocs.RestDocsTestExecutionListener@72b6395e, org.springframework.boot.test.autoconfigure.web.client.MockRestServiceServerResetTestExecutionListener@42e1b225, org.springframework.boot.test.autoconfigure.web.servlet.MockMvcPrintOnlyOnFailureTestExecutionListener@745c19cf, org.springframework.boot.test.autoconfigure.web.servlet.WebDriverTestExecutionListener@2487c300, org.springframework.boot.test.autoconfigure.webservices.client.MockWebServiceServerTestExecutionListener@67387207, org.springframework.boot.test.mock.mockito.ResetMocksTestExecutionListener@2887845f]

  .   ____          _            __ _ _
 /\\ / ___'_ __ _ _(_)_ __  __ _ \ \ \ \
( ( )\___ | '_ | '_| | '_ \/ _` | \ \ \ \
 \\/  ___)| |_)| | | | | || (_| |  ) ) ) )
  '  |____| .__|_| |_|_| |_\__, | / / / /
 =========|_|==============|___/=/_/_/_/
 :: Spring Boot ::        (v2.3.2.RELEASE)

2022-07-28 15:22:56.921  INFO 39444 --- [    Test worker] c.t.b.bookshop.user.UserControllerTest   : Starting UserControllerTest on NT-IT-LT-2163 with PID 39444 (started by vaibhavjindal in /Users/vaibhavjindal/Documents/BootCamp/batch-02-springboot-pair-08)
2022-07-28 15:22:56.922  INFO 39444 --- [    Test worker] c.t.b.bookshop.user.UserControllerTest   : The following profiles are active: test
2022-07-28 15:22:57.481  INFO 39444 --- [    Test worker] o.s.s.web.DefaultSecurityFilterChain     : Creating filter chain: any request, [org.springframework.security.web.context.request.async.WebAsyncManagerIntegrationFilter@7c739be1, org.springframework.security.web.context.SecurityContextPersistenceFilter@686f2407, org.springframework.security.web.header.HeaderWriterFilter@3f1231d3, org.springframework.web.filter.CorsFilter@11f3a02e, org.springframework.security.web.authentication.logout.LogoutFilter@6ab2ffe6, org.springframework.security.web.authentication.www.BasicAuthenticationFilter@64fdb2dd, org.springframework.security.web.savedrequest.RequestCacheAwareFilter@6a76536a, org.springframework.security.web.servletapi.SecurityContextHolderAwareRequestFilter@44446b5e, org.springframework.security.web.authentication.AnonymousAuthenticationFilter@10b97080, org.springframework.security.web.session.SessionManagementFilter@45ef4f01, org.springframework.security.web.access.ExceptionTranslationFilter@39577991, org.springframework.security.web.access.intercept.FilterSecurityInterceptor@5081e553]
2022-07-28 15:22:57.503  INFO 39444 --- [    Test worker] o.s.s.concurrent.ThreadPoolTaskExecutor  : Initializing ExecutorService 'applicationTaskExecutor'
2022-07-28 15:22:57.544  INFO 39444 --- [    Test worker] o.s.b.t.m.w.SpringBootMockServletContext : Initializing Spring TestDispatcherServlet ''
2022-07-28 15:22:57.544  INFO 39444 --- [    Test worker] o.s.t.web.servlet.TestDispatcherServlet  : Initializing Servlet ''
2022-07-28 15:22:57.549  INFO 39444 --- [    Test worker] o.s.t.web.servlet.TestDispatcherServlet  : Completed initialization in 5 ms
2022-07-28 15:22:57.554  INFO 39444 --- [    Test worker] c.t.b.bookshop.user.UserControllerTest   : Started UserControllerTest in 0.648 seconds (JVM running for 4.286)
]]></system-out>
  <system-err><![CDATA[]]></system-err>
</testsuite>
