<?xml version="1.0" encoding="UTF-8"?>
<testsuite name="com.tw.bootcamp.bookshop.user.address.AddressServiceTest" tests="3" skipped="0" failures="0" errors="0" timestamp="2022-07-28T09:52:59" hostname="NT-IT-LT-2163" time="0.29">
  <properties/>
  <testcase name="shouldCreateAddressWhenValid()" classname="com.tw.bootcamp.bookshop.user.address.AddressServiceTest" time="0.187"/>
  <testcase name="shouldNotCreateAddressWhenUserIsNotValid()" classname="com.tw.bootcamp.bookshop.user.address.AddressServiceTest" time="0.006"/>
  <testcase name="shouldNotCreateAddressWhenInValid()" classname="com.tw.bootcamp.bookshop.user.address.AddressServiceTest" time="0.097"/>
  <system-out><![CDATA[2022-07-28 15:22:59.215  INFO 39444 --- [    Test worker] .b.t.c.SpringBootTestContextBootstrapper : Neither @ContextConfiguration nor @ContextHierarchy found for test class [com.tw.bootcamp.bookshop.user.address.AddressServiceTest], using SpringBootContextLoader
2022-07-28 15:22:59.216  INFO 39444 --- [    Test worker] o.s.t.c.support.AbstractContextLoader    : Could not detect default resource locations for test class [com.tw.bootcamp.bookshop.user.address.AddressServiceTest]: no resource found for suffixes {-context.xml, Context.groovy}.
2022-07-28 15:22:59.216  INFO 39444 --- [    Test worker] t.c.s.AnnotationConfigContextLoaderUtils : Could not detect default configuration classes for test class [com.tw.bootcamp.bookshop.user.address.AddressServiceTest]: AddressServiceTest does not declare any static, non-private, non-final, nested classes annotated with @Configuration.
2022-07-28 15:22:59.216  INFO 39444 --- [    Test worker] .b.t.c.SpringBootTestContextBootstrapper : Found @SpringBootConfiguration com.tw.bootcamp.bookshop.BookshopApplication for test class com.tw.bootcamp.bookshop.user.address.AddressServiceTest
2022-07-28 15:22:59.217  INFO 39444 --- [    Test worker] .b.t.c.SpringBootTestContextBootstrapper : Loaded default TestExecutionListener class names from location [META-INF/spring.factories]: [org.springframework.security.test.context.support.WithSecurityContextTestExecutionListener, org.springframework.security.test.context.support.ReactorContextTestExecutionListener, org.springframework.boot.test.autoconfigure.restdocs.RestDocsTestExecutionListener, org.springframework.boot.test.autoconfigure.web.client.MockRestServiceServerResetTestExecutionListener, org.springframework.boot.test.autoconfigure.web.servlet.MockMvcPrintOnlyOnFailureTestExecutionListener, org.springframework.boot.test.autoconfigure.web.servlet.WebDriverTestExecutionListener, org.springframework.boot.test.autoconfigure.webservices.client.MockWebServiceServerTestExecutionListener, org.springframework.boot.test.mock.mockito.MockitoTestExecutionListener, org.springframework.boot.test.mock.mockito.ResetMocksTestExecutionListener, org.springframework.test.context.web.ServletTestExecutionListener, org.springframework.test.context.support.DirtiesContextBeforeModesTestExecutionListener, org.springframework.test.context.support.DependencyInjectionTestExecutionListener, org.springframework.test.context.support.DirtiesContextTestExecutionListener, org.springframework.test.context.transaction.TransactionalTestExecutionListener, org.springframework.test.context.jdbc.SqlScriptsTestExecutionListener, org.springframework.test.context.event.EventPublishingTestExecutionListener]
2022-07-28 15:22:59.217  INFO 39444 --- [    Test worker] .b.t.c.SpringBootTestContextBootstrapper : Using TestExecutionListeners: [org.springframework.test.context.web.ServletTestExecutionListener@2be25dd, org.springframework.test.context.support.DirtiesContextBeforeModesTestExecutionListener@3b6bd0f5, org.springframework.boot.test.mock.mockito.MockitoTestExecutionListener@7d6a6f7b, org.springframework.boot.test.autoconfigure.SpringBootDependencyInjectionTestExecutionListener@12ef15f6, org.springframework.test.context.support.DirtiesContextTestExecutionListener@618c4abb, org.springframework.test.context.transaction.TransactionalTestExecutionListener@485c207, org.springframework.test.context.jdbc.SqlScriptsTestExecutionListener@2aba645b, org.springframework.security.test.context.support.WithSecurityContextTestExecutionListener@4090845f, org.springframework.test.context.event.EventPublishingTestExecutionListener@43cac764, org.springframework.security.test.context.support.ReactorContextTestExecutionListener@6975b0e0, org.springframework.boot.test.autoconfigure.restdocs.RestDocsTestExecutionListener@10148929, org.springframework.boot.test.autoconfigure.web.client.MockRestServiceServerResetTestExecutionListener@54624508, org.springframework.boot.test.autoconfigure.web.servlet.MockMvcPrintOnlyOnFailureTestExecutionListener@41064907, org.springframework.boot.test.autoconfigure.web.servlet.WebDriverTestExecutionListener@5b00377, org.springframework.boot.test.autoconfigure.webservices.client.MockWebServiceServerTestExecutionListener@31599f29, org.springframework.boot.test.mock.mockito.ResetMocksTestExecutionListener@77d5c60f]
2022-07-28 15:22:59.408  WARN 39444 --- [    Test worker] o.h.engine.jdbc.spi.SqlExceptionHelper   : SQL Error: 23502, SQLState: 23502
2022-07-28 15:22:59.408 ERROR 39444 --- [    Test worker] o.h.engine.jdbc.spi.SqlExceptionHelper   : NULL not allowed for column "USER_ID"; SQL statement:
insert into addresses (id, city, country, is_default, line_no_one, line_no_two, pin_code, state, user_id) values (null, ?, ?, ?, ?, ?, ?, ?, ?) [23502-200]
]]></system-out>
  <system-err><![CDATA[]]></system-err>
</testsuite>
