<?xml version="1.0" encoding="UTF-8"?>
<testsuite name="com.tw.bootcamp.bookshop.user.address.AddressControllerTest" tests="2" skipped="0" failures="0" errors="0" timestamp="2022-07-28T09:52:59" hostname="NT-IT-LT-2163" time="0.2">
  <properties/>
  <testcase name="shouldCreateAddressWhenValid()" classname="com.tw.bootcamp.bookshop.user.address.AddressControllerTest" time="0.105"/>
  <testcase name="shouldNotCreateAddressWhenInValid()" classname="com.tw.bootcamp.bookshop.user.address.AddressControllerTest" time="0.094"/>
  <system-out><![CDATA[2022-07-28 15:22:58.627  INFO 39444 --- [    Test worker] .b.t.a.w.s.WebMvcTestContextBootstrapper : Neither @ContextConfiguration nor @ContextHierarchy found for test class [com.tw.bootcamp.bookshop.user.address.AddressControllerTest], using SpringBootContextLoader
2022-07-28 15:22:58.627  INFO 39444 --- [    Test worker] o.s.t.c.support.AbstractContextLoader    : Could not detect default resource locations for test class [com.tw.bootcamp.bookshop.user.address.AddressControllerTest]: no resource found for suffixes {-context.xml, Context.groovy}.
2022-07-28 15:22:58.627  INFO 39444 --- [    Test worker] t.c.s.AnnotationConfigContextLoaderUtils : Could not detect default configuration classes for test class [com.tw.bootcamp.bookshop.user.address.AddressControllerTest]: AddressControllerTest does not declare any static, non-private, non-final, nested classes annotated with @Configuration.
2022-07-28 15:22:58.662  INFO 39444 --- [    Test worker] .b.t.c.SpringBootTestContextBootstrapper : Found @SpringBootConfiguration com.tw.bootcamp.bookshop.BookshopApplication for test class com.tw.bootcamp.bookshop.user.address.AddressControllerTest
2022-07-28 15:22:58.662  INFO 39444 --- [    Test worker] .b.t.a.w.s.WebMvcTestContextBootstrapper : Loaded default TestExecutionListener class names from location [META-INF/spring.factories]: [org.springframework.security.test.context.support.WithSecurityContextTestExecutionListener, org.springframework.security.test.context.support.ReactorContextTestExecutionListener, org.springframework.boot.test.autoconfigure.restdocs.RestDocsTestExecutionListener, org.springframework.boot.test.autoconfigure.web.client.MockRestServiceServerResetTestExecutionListener, org.springframework.boot.test.autoconfigure.web.servlet.MockMvcPrintOnlyOnFailureTestExecutionListener, org.springframework.boot.test.autoconfigure.web.servlet.WebDriverTestExecutionListener, org.springframework.boot.test.autoconfigure.webservices.client.MockWebServiceServerTestExecutionListener, org.springframework.boot.test.mock.mockito.MockitoTestExecutionListener, org.springframework.boot.test.mock.mockito.ResetMocksTestExecutionListener, org.springframework.test.context.web.ServletTestExecutionListener, org.springframework.test.context.support.DirtiesContextBeforeModesTestExecutionListener, org.springframework.test.context.support.DependencyInjectionTestExecutionListener, org.springframework.test.context.support.DirtiesContextTestExecutionListener, org.springframework.test.context.transaction.TransactionalTestExecutionListener, org.springframework.test.context.jdbc.SqlScriptsTestExecutionListener, org.springframework.test.context.event.EventPublishingTestExecutionListener]
2022-07-28 15:22:58.662  INFO 39444 --- [    Test worker] .b.t.a.w.s.WebMvcTestContextBootstrapper : Using TestExecutionListeners: [org.springframework.test.context.web.ServletTestExecutionListener@10cb9dfd, org.springframework.test.context.support.DirtiesContextBeforeModesTestExecutionListener@1602f553, org.springframework.boot.test.mock.mockito.MockitoTestExecutionListener@7c953b11, org.springframework.boot.test.autoconfigure.SpringBootDependencyInjectionTestExecutionListener@15d8915a, org.springframework.test.context.support.DirtiesContextTestExecutionListener@59b0c269, org.springframework.test.context.transaction.TransactionalTestExecutionListener@58990c61, org.springframework.test.context.jdbc.SqlScriptsTestExecutionListener@d81e9d0, org.springframework.security.test.context.support.WithSecurityContextTestExecutionListener@5c02eb7b, org.springframework.test.context.event.EventPublishingTestExecutionListener@37ec918, org.springframework.security.test.context.support.ReactorContextTestExecutionListener@13942712, org.springframework.boot.test.autoconfigure.restdocs.RestDocsTestExecutionListener@11d993d9, org.springframework.boot.test.autoconfigure.web.client.MockRestServiceServerResetTestExecutionListener@5acbfbaa, org.springframework.boot.test.autoconfigure.web.servlet.MockMvcPrintOnlyOnFailureTestExecutionListener@2f88cfe2, org.springframework.boot.test.autoconfigure.web.servlet.WebDriverTestExecutionListener@1d16d1b6, org.springframework.boot.test.autoconfigure.webservices.client.MockWebServiceServerTestExecutionListener@408cce96, org.springframework.boot.test.mock.mockito.ResetMocksTestExecutionListener@459f6b86]

  .   ____          _            __ _ _
 /\\ / ___'_ __ _ _(_)_ __  __ _ \ \ \ \
( ( )\___ | '_ | '_| | '_ \/ _` | \ \ \ \
 \\/  ___)| |_)| | | | | || (_| |  ) ) ) )
  '  |____| .__|_| |_|_| |_\__, | / / / /
 =========|_|==============|___/=/_/_/_/
 :: Spring Boot ::        (v2.3.2.RELEASE)

2022-07-28 15:22:58.684  INFO 39444 --- [    Test worker] c.t.b.b.u.address.AddressControllerTest  : Starting AddressControllerTest on NT-IT-LT-2163 with PID 39444 (started by vaibhavjindal in /Users/vaibhavjindal/Documents/BootCamp/batch-02-springboot-pair-08)
2022-07-28 15:22:58.684  INFO 39444 --- [    Test worker] c.t.b.b.u.address.AddressControllerTest  : The following profiles are active: test
2022-07-28 15:22:58.961  INFO 39444 --- [    Test worker] o.s.s.web.DefaultSecurityFilterChain     : Creating filter chain: any request, [org.springframework.security.web.context.request.async.WebAsyncManagerIntegrationFilter@2fb9a62c, org.springframework.security.web.context.SecurityContextPersistenceFilter@789781d4, org.springframework.security.web.header.HeaderWriterFilter@4bd19507, org.springframework.web.filter.CorsFilter@5a47d4c4, org.springframework.security.web.authentication.logout.LogoutFilter@26e14e00, org.springframework.security.web.authentication.www.BasicAuthenticationFilter@45b5c370, org.springframework.security.web.savedrequest.RequestCacheAwareFilter@1ec84358, org.springframework.security.web.servletapi.SecurityContextHolderAwareRequestFilter@59f6942b, org.springframework.security.web.authentication.AnonymousAuthenticationFilter@5f5f3aae, org.springframework.security.web.session.SessionManagementFilter@3b101c33, org.springframework.security.web.access.ExceptionTranslationFilter@331aa46a, org.springframework.security.web.access.intercept.FilterSecurityInterceptor@59b53733]
2022-07-28 15:22:58.981  INFO 39444 --- [    Test worker] o.s.s.concurrent.ThreadPoolTaskExecutor  : Initializing ExecutorService 'applicationTaskExecutor'
2022-07-28 15:22:59.006  INFO 39444 --- [    Test worker] o.s.b.t.m.w.SpringBootMockServletContext : Initializing Spring TestDispatcherServlet ''
2022-07-28 15:22:59.006  INFO 39444 --- [    Test worker] o.s.t.web.servlet.TestDispatcherServlet  : Initializing Servlet ''
2022-07-28 15:22:59.008  INFO 39444 --- [    Test worker] o.s.t.web.servlet.TestDispatcherServlet  : Completed initialization in 2 ms
2022-07-28 15:22:59.012  INFO 39444 --- [    Test worker] c.t.b.b.u.address.AddressControllerTest  : Started AddressControllerTest in 0.348 seconds (JVM running for 5.744)
]]></system-out>
  <system-err><![CDATA[]]></system-err>
</testsuite>
